Watching for file changes with StatReloader
Waiting for apps ready_event.
Main Django thread has terminated before apps are ready.
Apps ready_event triggered. Sending autoreload_started signal.
Watching dir C:\Users\birol\OneDrive\Masaüstü\projeYeni\IMDB-CLONE\my_django_project\templates with glob **/*.
File C:\Users\birol\AppData\Local\Programs\Python\Python312\Lib\http\server.py first seen with mtime 1712663418.0
File C:\Users\birol\OneDrive\Masaüstü\projeYeni\IMDB-CLONE\.venv\Lib\site-packages\django\utils\http.py first seen with mtime 1717881833.9937263
File C:\Users\birol\OneDrive\Masaüstü\projeYeni\IMDB-CLONE\.venv\Lib\site-packages\django\db\models\sql\subqueries.py first seen with mtime 1717881833.8381119
File C:\Users\birol\AppData\Local\Programs\Python\Python312\Lib\asyncio\selector_events.py first seen with mtime 1712663418.0
File C:\Users\birol\OneDrive\Masaüstü\projeYeni\IMDB-CLONE\.venv\Lib\site-packages\django\db\models\fields\related_lookups.py first seen with mtime 1717881833.8251483
File C:\Users\birol\AppData\Local\Programs\Python\Python312\Lib\asyncio\base_tasks.py first seen with mtime 1712663418.0
File C:\Users\birol\OneDrive\Masaüstü\projeYeni\IMDB-CLONE\.venv\Lib\site-packages\django\db\models\fields\reverse_related.py first seen with mtime 1717881833.8261447
File C:\Users\birol\AppData\Local\Programs\Python\Python312\DLLs\_zoneinfo.pyd first seen with mtime 1712663462.0
File C:\Users\birol\OneDrive\Masaüstü\projeYeni\IMDB-CLONE\.venv\Lib\site-packages\django\apps\registry.py first seen with mtime 1717881830.4511042
File C:\Users\birol\AppData\Local\Programs\Python\Python312\Lib\email\headerregistry.py first seen with mtime 1712663418.0
File C:\Users\birol\AppData\Local\Programs\Python\Python312\Lib\asyncio\sslproto.py first seen with mtime 1712663418.0
File C:\Users\birol\OneDrive\Masaüstü\projeYeni\IMDB-CLONE\.venv\Lib\site-packages\django\templatetags\tz.py first seen with mtime 1717881833.9618123
File C:\Users\birol\AppData\Local\Programs\Python\Python312\Lib\_markupbase.py first seen with mtime 1712663418.0
File C:\Users\birol\OneDrive\Masaüstü\projeYeni\IMDB-CLONE\.venv\Lib\site-packages\django\contrib\contenttypes\apps.py first seen with mtime 1717881831.8681073
File C:\Users\birol\OneDrive\Masaüstü\projeYeni\IMDB-CLONE\.venv\Lib\site-packages\django\forms\models.py first seen with mtime 1717881833.8470902
File C:\Users\birol\OneDrive\Masaüstü\projeYeni\IMDB-CLONE\.venv\Lib\site-packages\django\utils\timesince.py first seen with mtime 1717881834.0037
File C:\Users\birol\OneDrive\Masaüstü\projeYeni\IMDB-CLONE\.venv\Lib\site-packages\django\views\__init__.py first seen with mtime 1717881834.0126755
File C:\Users\birol\AppData\Local\Programs\Python\Python312\Lib\hashlib.py first seen with mtime 1712663418.0
File C:\Users\birol\AppData\Local\Programs\Python\Python312\Lib\reprlib.py first seen with mtime 1712663418.0
File C:\Users\birol\OneDrive\Masaüstü\projeYeni\IMDB-CLONE\.venv\Lib\site-packages\django\core\files\uploadhandler.py first seen with mtime 1717881833.6396432
File C:\Users\birol\OneDrive\Masaüstü\projeYeni\IMDB-CLONE\.venv\Lib\site-packages\django\contrib\admin\templatetags\admin_urls.py first seen with mtime 1717881831.4592
File C:\Users\birol\AppData\Local\Programs\Python\Python312\Lib\json\encoder.py first seen with mtime 1712663418.0
File C:\Users\birol\OneDrive\Masaüstü\projeYeni\IMDB-CLONE\.venv\Lib\site-packages\django\core\cache\__init__.py first seen with mtime 1717881833.5997503
File C:\Users\birol\OneDrive\Masaüstü\projeYeni\IMDB-CLONE\.venv\Lib\site-packages\django\contrib\auth\checks.py first seen with mtime 1717881831.656674
File C:\Users\birol\AppData\Local\Programs\Python\Python312\Lib\threading.py first seen with mtime 1712663418.0
File C:\Users\birol\OneDrive\Masaüstü\projeYeni\IMDB-CLONE\.venv\Lib\site-packages\django\conf\global_settings.py first seen with mtime 1717881830.4531004
File C:\Users\birol\OneDrive\Masaüstü\projeYeni\IMDB-CLONE\.venv\Lib\site-packages\colorama\__init__.py first seen with mtime 1717881686.8390133
File C:\Users\birol\OneDrive\Masaüstü\projeYeni\IMDB-CLONE\.venv\Lib\site-packages\django\core\files\images.py first seen with mtime 1717881833.6346571
File C:\Users\birol\AppData\Local\Programs\Python\Python312\Lib\asyncio\subprocess.py first seen with mtime 1712663418.0
File C:\Users\birol\OneDrive\Masaüstü\projeYeni\IMDB-CLONE\.venv\Lib\site-packages\django\urls\converters.py first seen with mtime 1717881833.9717858
File C:\Users\birol\OneDrive\Masaüstü\projeYeni\IMDB-CLONE\.venv\Lib\site-packages\django\views\debug.py first seen with mtime 1717881834.0146706
File C:\Users\birol\OneDrive\Masaüstü\projeYeni\IMDB-CLONE\.venv\Lib\site-packages\django\utils\numberformat.py first seen with mtime 1717881833.9997108
File C:\Users\birol\AppData\Local\Programs\Python\Python312\Lib\collections\abc.py first seen with mtime 1712663418.0
File C:\Users\birol\OneDrive\Masaüstü\projeYeni\IMDB-CLONE\.venv\Lib\site-packages\django\db\models\fields\__init__.py first seen with mtime 1717881833.8181655
File C:\Users\birol\OneDrive\Masaüstü\projeYeni\IMDB-CLONE\.venv\Lib\site-packages\django\views\generic\detail.py first seen with mtime 1717881834.0276382
File C:\Users\birol\OneDrive\Masaüstü\projeYeni\IMDB-CLONE\.venv\Lib\site-packages\django\db\models\sql\datastructures.py first seen with mtime 1717881833.8361182
File C:\Users\birol\OneDrive\Masaüstü\projeYeni\IMDB-CLONE\.venv\Lib\site-packages\django\utils\connection.py first seen with mtime 1717881833.9807637
File C:\Users\birol\AppData\Local\Programs\Python\Python312\Lib\email\charset.py first seen with mtime 1712663418.0
File C:\Users\birol\OneDrive\Masaüstü\projeYeni\IMDB-CLONE\.venv\Lib\site-packages\django\forms\fields.py first seen with mtime 1717881833.844097
File C:\Users\birol\OneDrive\Masaüstü\projeYeni\IMDB-CLONE\.venv\Lib\site-packages\django\contrib\staticfiles\utils.py first seen with mtime 1717881833.5849655
File C:\Users\birol\OneDrive\Masaüstü\projeYeni\IMDB-CLONE\.venv\Lib\site-packages\django\contrib\admin\filters.py first seen with mtime 1717881830.850019
File C:\Users\birol\AppData\Local\Programs\Python\Python312\Lib\concurrent\futures\_base.py first seen with mtime 1712663418.0
File C:\Users\birol\OneDrive\Masaüstü\projeYeni\IMDB-CLONE\.venv\Lib\site-packages\django\utils\encoding.py first seen with mtime 1717881833.9887414
File C:\Users\birol\OneDrive\Masaüstü\projeYeni\IMDB-CLONE\.venv\Lib\site-packages\django\core\handlers\wsgi.py first seen with mtime 1717881833.6605868
File C:\Users\birol\OneDrive\Masaüstü\projeYeni\IMDB-CLONE\.venv\Lib\site-packages\django\db\models\sql\constants.py first seen with mtime 1717881833.8351202
File C:\Users\birol\AppData\Local\Programs\Python\Python312\Lib\_compression.py first seen with mtime 1712663418.0
File C:\Users\birol\OneDrive\Masaüstü\projeYeni\IMDB-CLONE\.venv\Lib\site-packages\sqlparse\exceptions.py first seen with mtime 1717881830.0210767
File C:\Users\birol\OneDrive\Masaüstü\projeYeni\IMDB-CLONE\.venv\Lib\site-packages\django\views\generic\edit.py first seen with mtime 1717881834.0286334
File C:\Users\birol\OneDrive\Masaüstü\projeYeni\IMDB-CLONE\.venv\Lib\site-packages\django\core\exceptions.py first seen with mtime 1717881833.5947628
File C:\Users\birol\OneDrive\Masaüstü\projeYeni\IMDB-CLONE\.venv\Lib\site-packages\django\utils\html.py first seen with mtime 1717881833.9927294
File C:\Users\birol\OneDrive\Masaüstü\projeYeni\IMDB-CLONE\.venv\Lib\site-packages\django\views\generic\list.py first seen with mtime 1717881834.0296302
File C:\Users\birol\OneDrive\Masaüstü\projeYeni\IMDB-CLONE\.venv\Lib\site-packages\django\core\checks\compatibility\django_4_0.py first seen with mtime 1717881833.6266782
File C:\Users\birol\OneDrive\Masaüstü\projeYeni\IMDB-CLONE\.venv\Lib\site-packages\django\core\management\__init__.py first seen with mtime 1717881833.680534
File C:\Users\birol\AppData\Local\Programs\Python\Python312\Lib\http\__init__.py first seen with mtime 1712663418.0
File C:\Users\birol\OneDrive\Masaüstü\projeYeni\IMDB-CLONE\.venv\Lib\site-packages\django\db\models\__init__.py first seen with mtime 1717881833.803206
File C:\Users\birol\OneDrive\Masaüstü\projeYeni\IMDB-CLONE\.venv\Lib\site-packages\django\template\autoreload.py first seen with mtime 1717881833.9358816
File C:\Users\birol\AppData\Local\Programs\Python\Python312\Lib\asyncio\coroutines.py first seen with mtime 1712663418.0
File C:\Users\birol\AppData\Local\Programs\Python\Python312\Lib\json\decoder.py first seen with mtime 1712663418.0
File C:\Users\birol\OneDrive\Masaüstü\projeYeni\IMDB-CLONE\.venv\Lib\site-packages\colorama\ansi.py first seen with mtime 1717881686.8400126
File C:\Users\birol\OneDrive\Masaüstü\projeYeni\IMDB-CLONE\.venv\Lib\site-packages\django\forms\widgets.py first seen with mtime 1717881833.8500805
File C:\Users\birol\OneDrive\Masaüstü\projeYeni\IMDB-CLONE\.venv\Lib\site-packages\django\contrib\admin\views\__init__.py first seen with mtime 1717881831.4611974
File C:\Users\birol\OneDrive\Masaüstü\projeYeni\IMDB-CLONE\.venv\Lib\site-packages\django\db\models\signals.py first seen with mtime 1717881833.8161733
File C:\Users\birol\AppData\Local\Programs\Python\Python312\Lib\email\mime\base.py first seen with mtime 1712663418.0
File C:\Users\birol\AppData\Local\Programs\Python\Python312\Lib\email\generator.py first seen with mtime 1712663418.0
File C:\Users\birol\OneDrive\Masaüstü\projeYeni\IMDB-CLONE\.venv\Lib\site-packages\sqlparse\filters\tokens.py first seen with mtime 1717881830.0360377
File C:\Users\birol\OneDrive\Masaüstü\projeYeni\IMDB-CLONE\.venv\Lib\site-packages\django\contrib\admin\actions.py first seen with mtime 1717881830.8460288
File C:\Users\birol\OneDrive\Masaüstü\projeYeni\IMDB-CLONE\.venv\Lib\site-packages\django\contrib\messages\utils.py first seen with mtime 1717881832.7701435
File C:\Users\birol\AppData\Local\Programs\Python\Python312\Lib\zoneinfo\_common.py first seen with mtime 1712663418.0
File C:\Users\birol\OneDrive\Masaüstü\projeYeni\IMDB-CLONE\.venv\Lib\site-packages\django\core\servers\basehttp.py first seen with mtime 1717881833.7284062
File C:\Users\birol\OneDrive\Masaüstü\projeYeni\IMDB-CLONE\.venv\Lib\site-packages\django\utils\log.py first seen with mtime 1717881833.9977164
File C:\Users\birol\OneDrive\Masaüstü\projeYeni\IMDB-CLONE\.venv\Lib\site-packages\django\core\mail\__init__.py first seen with mtime 1717881833.6625812
File C:\Users\birol\OneDrive\Masaüstü\projeYeni\IMDB-CLONE\.venv\Lib\site-packages\asgiref\sync.py first seen with mtime 1717881830.3093266
File C:\Users\birol\OneDrive\Masaüstü\projeYeni\IMDB-CLONE\.venv\Lib\site-packages\django\contrib\contenttypes\management\__init__.py first seen with mtime 1717881832.049453
File C:\Users\birol\AppData\Local\Programs\Python\Python312\Lib\mimetypes.py first seen with mtime 1712663418.0
File C:\Users\birol\OneDrive\Masaüstü\projeYeni\IMDB-CLONE\.venv\Lib\site-packages\django\middleware\cache.py first seen with mtime 1717881833.9288998
File C:\Users\birol\AppData\Local\Programs\Python\Python312\Lib\importlib\__init__.py first seen with mtime 1712663418.0
File C:\Users\birol\OneDrive\Masaüstü\projeYeni\IMDB-CLONE\.venv\Lib\site-packages\django\core\checks\security\csrf.py first seen with mtime 1717881833.62967
File C:\Users\birol\OneDrive\Masaüstü\projeYeni\IMDB-CLONE\.venv\Lib\site-packages\django\forms\boundfield.py first seen with mtime 1717881833.8430996
File C:\Users\birol\OneDrive\Masaüstü\projeYeni\IMDB-CLONE\.venv\Lib\site-packages\django\utils\functional.py first seen with mtime 1717881833.9907348
File C:\Users\birol\AppData\Local\Programs\Python\Python312\Lib\email\policy.py first seen with mtime 1712663418.0
File C:\Users\birol\OneDrive\Masaüstü\projeYeni\IMDB-CLONE\.venv\Lib\site-packages\django\templatetags\__init__.py first seen with mtime 1717881833.9569585
File C:\Users\birol\OneDrive\Masaüstü\projeYeni\IMDB-CLONE\.venv\Lib\site-packages\django\db\models\fields\related.py first seen with mtime 1717881833.823153
File C:\Users\birol\OneDrive\Masaüstü\projeYeni\IMDB-CLONE\.venv\Lib\site-packages\django\db\migrations\utils.py first seen with mtime 1717881833.7962246
File C:\Users\birol\OneDrive\Masaüstü\projeYeni\IMDB-CLONE\.venv\Lib\site-packages\django\contrib\admin\templatetags\__init__.py first seen with mtime 1717881831.4562097
File C:\Users\birol\OneDrive\Masaüstü\projeYeni\IMDB-CLONE\.venv\Lib\site-packages\django\core\__init__.py first seen with mtime 1717881833.5927682
File C:\Users\birol\OneDrive\Masaüstü\projeYeni\IMDB-CLONE\.venv\Lib\site-packages\colorama\winterm.py first seen with mtime 1717881686.8430035
File C:\Users\birol\OneDrive\Masaüstü\projeYeni\IMDB-CLONE\.venv\Lib\site-packages\django\forms\utils.py first seen with mtime 1717881833.8490834
File C:\Users\birol\OneDrive\Masaüstü\projeYeni\IMDB-CLONE\.venv\Lib\site-packages\django\db\models\functions\math.py first seen with mtime 1717881833.8301342
File C:\Users\birol\OneDrive\Masaüstü\projeYeni\IMDB-CLONE\.venv\Lib\site-packages\django\utils\inspect.py first seen with mtime 1717881833.994724
File C:\Users\birol\AppData\Local\Programs\Python\Python312\Lib\email\utils.py first seen with mtime 1712663418.0
File C:\Users\birol\AppData\Local\Programs\Python\Python312\Lib\gzip.py first seen with mtime 1712663418.0
File C:\Users\birol\AppData\Local\Programs\Python\Python312\Lib\pprint.py first seen with mtime 1712663418.0
File C:\Users\birol\OneDrive\Masaüstü\projeYeni\IMDB-CLONE\.venv\Lib\site-packages\django\apps\__init__.py first seen with mtime 1717881830.4491334
File C:\Users\birol\OneDrive\Masaüstü\projeYeni\IMDB-CLONE\.venv\Lib\site-packages\django\db\backends\base\__init__.py first seen with mtime 1717881833.7353866
File C:\Users\birol\OneDrive\Masaüstü\projeYeni\IMDB-CLONE\.venv\Lib\site-packages\django\core\checks\security\__init__.py first seen with mtime 1717881833.6276758
File C:\Users\birol\OneDrive\Masaüstü\projeYeni\IMDB-CLONE\.venv\Lib\site-packages\django\core\management\commands\__init__.py first seen with mtime 1717881833.6885126
File C:\Users\birol\AppData\Local\Programs\Python\Python312\Lib\asyncio\trsock.py first seen with mtime 1712663418.0
File C:\Users\birol\AppData\Local\Programs\Python\Python312\Lib\html\__init__.py first seen with mtime 1712663418.0
File C:\Users\birol\AppData\Local\Programs\Python\Python312\Lib\zoneinfo\__init__.py first seen with mtime 1712663418.0
File C:\Users\birol\OneDrive\Masaüstü\projeYeni\IMDB-CLONE\.venv\Lib\site-packages\django\core\files\storage\__init__.py first seen with mtime 1717881833.6436327
File C:\Users\birol\OneDrive\Masaüstü\projeYeni\IMDB-CLONE\.venv\Lib\site-packages\django\utils\dates.py first seen with mtime 1717881833.9847515
File C:\Users\birol\AppData\Local\Programs\Python\Python312\Lib\asyncio\format_helpers.py first seen with mtime 1712663418.0
File C:\Users\birol\AppData\Local\Programs\Python\Python312\Lib\quopri.py first seen with mtime 1712663418.0
File C:\Users\birol\OneDrive\Masaüstü\projeYeni\IMDB-CLONE\.venv\Lib\site-packages\django\template\utils.py first seen with mtime 1717881833.9468532
File C:\Users\birol\OneDrive\Masaüstü\projeYeni\IMDB-CLONE\.venv\Lib\site-packages\sqlparse\engine\__init__.py first seen with mtime 1717881830.0280614
File C:\Users\birol\OneDrive\Masaüstü\projeYeni\IMDB-CLONE\.venv\Lib\site-packages\django\core\checks\templates.py first seen with mtime 1717881833.6226928
File C:\Users\birol\AppData\Local\Programs\Python\Python312\Lib\pkgutil.py first seen with mtime 1712663418.0
File C:\Users\birol\OneDrive\Masaüstü\projeYeni\IMDB-CLONE\.venv\Lib\site-packages\django\db\models\query_utils.py first seen with mtime 1717881833.815173
File C:\Users\birol\OneDrive\Masaüstü\projeYeni\IMDB-CLONE\.venv\Lib\site-packages\django\db\models\fields\proxy.py first seen with mtime 1717881833.822157
File C:\Users\birol\OneDrive\Masaüstü\projeYeni\IMDB-CLONE\.venv\Lib\site-packages\django\urls\resolvers.py first seen with mtime 1717881833.972783
File C:\Users\birol\OneDrive\Masaüstü\projeYeni\IMDB-CLONE\.venv\Lib\site-packages\django\core\files\storage\filesystem.py first seen with mtime 1717881833.6466243
File C:\Users\birol\AppData\Local\Programs\Python\Python312\Lib\logging\handlers.py first seen with mtime 1712663418.0
File C:\Users\birol\OneDrive\Masaüstü\projeYeni\IMDB-CLONE\.venv\Lib\site-packages\django\core\checks\security\sessions.py first seen with mtime 1717881833.6306682
File C:\Users\birol\AppData\Local\Programs\Python\Python312\Lib\email\encoders.py first seen with mtime 1712663418.0
File C:\Users\birol\OneDrive\Masaüstü\projeYeni\IMDB-CLONE\.venv\Lib\site-packages\django\core\checks\database.py first seen with mtime 1717881833.6167047
File C:\Users\birol\AppData\Local\Programs\Python\Python312\Lib\email\header.py first seen with mtime 1712663418.0
File C:\Users\birol\AppData\Local\Programs\Python\Python312\Lib\socketserver.py first seen with mtime 1712663418.0
File C:\Users\birol\OneDrive\Masaüstü\projeYeni\IMDB-CLONE\.venv\Lib\site-packages\django\utils\choices.py first seen with mtime 1717881833.9807637
File C:\Users\birol\OneDrive\Masaüstü\projeYeni\IMDB-CLONE\.venv\Lib\site-packages\django\core\mail\message.py first seen with mtime 1717881833.6655734
File C:\Users\birol\OneDrive\Masaüstü\projeYeni\IMDB-CLONE\.venv\Lib\site-packages\django\utils\safestring.py first seen with mtime 1717881834.0017066
File C:\Users\birol\OneDrive\Masaüstü\projeYeni\IMDB-CLONE\.venv\Lib\site-packages\sqlparse\keywords.py first seen with mtime 1717881830.023093
File C:\Users\birol\OneDrive\Masaüstü\projeYeni\IMDB-CLONE\.venv\Lib\site-packages\django\contrib\sessions\apps.py first seen with mtime 1717881833.1700735
File C:\Users\birol\AppData\Local\Programs\Python\Python312\Lib\asyncio\protocols.py first seen with mtime 1712663418.0
File C:\Users\birol\OneDrive\Masaüstü\projeYeni\IMDB-CLONE\.venv\Lib\site-packages\django\utils\dateformat.py first seen with mtime 1717881833.9837542
File C:\Users\birol\AppData\Local\Programs\Python\Python312\Lib\html\entities.py first seen with mtime 1712663418.0
File C:\Users\birol\AppData\Local\Programs\Python\Python312\Lib\asyncio\proactor_events.py first seen with mtime 1712663418.0
File C:\Users\birol\OneDrive\Masaüstü\projeYeni\IMDB-CLONE\.venv\Lib\site-packages\django\utils\decorators.py first seen with mtime 1717881833.9867454
File C:\Users\birol\AppData\Local\Programs\Python\Python312\Lib\types.py first seen with mtime 1712663418.0
File C:\Users\birol\AppData\Local\Programs\Python\Python312\Lib\_compat_pickle.py first seen with mtime 1712663418.0
File C:\Users\birol\OneDrive\Masaüstü\projeYeni\IMDB-CLONE\.venv\Lib\site-packages\django\template\exceptions.py first seen with mtime 1717881833.941866
File C:\Users\birol\AppData\Local\Programs\Python\Python312\DLLs\_ssl.pyd first seen with mtime 1712663462.0
File C:\Users\birol\OneDrive\Masaüstü\projeYeni\IMDB-CLONE\.venv\Lib\site-packages\django\core\checks\model_checks.py first seen with mtime 1717881833.6206937
File C:\Users\birol\OneDrive\Masaüstü\projeYeni\IMDB-CLONE\.venv\Lib\site-packages\django\contrib\auth\__init__.py first seen with mtime 1717881831.6526842
File C:\Users\birol\AppData\Local\Programs\Python\Python312\Lib\gettext.py first seen with mtime 1712663418.0
File C:\Users\birol\OneDrive\Masaüstü\projeYeni\IMDB-CLONE\.venv\Lib\site-packages\django\utils\cache.py first seen with mtime 1717881833.9797635
File C:\Users\birol\AppData\Local\Programs\Python\Python312\Lib\re\_compiler.py first seen with mtime 1712663418.0
File C:\Users\birol\AppData\Local\Programs\Python\Python312\Lib\numbers.py first seen with mtime 1712663418.0
File C:\Users\birol\AppData\Local\Programs\Python\Python312\DLLs\_socket.pyd first seen with mtime 1712663462.0
File C:\Users\birol\OneDrive\Masaüstü\projeYeni\IMDB-CLONE\.venv\Lib\site-packages\django\core\checks\caches.py first seen with mtime 1717881833.6157072
File C:\Users\birol\AppData\Local\Programs\Python\Python312\Lib\importlib\_abc.py first seen with mtime 1712663418.0
File C:\Users\birol\OneDrive\Masaüstü\projeYeni\IMDB-CLONE\.venv\Lib\site-packages\django\utils\deconstruct.py first seen with mtime 1717881833.9857485
File C:\Users\birol\OneDrive\Masaüstü\projeYeni\IMDB-CLONE\.venv\Lib\site-packages\django\conf\__init__.py first seen with mtime 1717881830.4521017
File C:\Users\birol\OneDrive\Masaüstü\projeYeni\IMDB-CLONE\.venv\Lib\site-packages\django\template\loader.py first seen with mtime 1717881833.9438608
File C:\Users\birol\OneDrive\Masaüstü\projeYeni\IMDB-CLONE\.venv\Lib\site-packages\django\core\paginator.py first seen with mtime 1717881833.5957606
File C:\Users\birol\OneDrive\Masaüstü\projeYeni\IMDB-CLONE\.venv\Lib\site-packages\django\contrib\admin\views\autocomplete.py first seen with mtime 1717881831.4621935
File C:\Users\birol\OneDrive\Masaüstü\projeYeni\IMDB-CLONE\.venv\Lib\site-packages\django\utils\deprecation.py first seen with mtime 1717881833.9877422
File C:\Users\birol\OneDrive\Masaüstü\projeYeni\IMDB-CLONE\.venv\Lib\site-packages\django\utils\__init__.py first seen with mtime 1717881833.9747784
File C:\Users\birol\OneDrive\Masaüstü\projeYeni\IMDB-CLONE\.venv\Lib\site-packages\sqlparse\filters\output.py first seen with mtime 1717881830.0340433
File C:\Users\birol\AppData\Local\Programs\Python\Python312\Lib\bisect.py first seen with mtime 1712663418.0
File C:\Users\birol\OneDrive\Masaüstü\projeYeni\IMDB-CLONE\.venv\Lib\site-packages\django\core\cache\backends\__init__.py first seen with mtime 1717881833.6017444
File C:\Users\birol\AppData\Local\Programs\Python\Python312\DLLs\_uuid.pyd first seen with mtime 1712663462.0
File C:\Users\birol\OneDrive\Masaüstü\projeYeni\IMDB-CLONE\.venv\Lib\site-packages\django\contrib\contenttypes\checks.py first seen with mtime 1717881831.8681073
File C:\Users\birol\AppData\Local\Programs\Python\Python312\Lib\token.py first seen with mtime 1712663418.0
File C:\Users\birol\AppData\Local\Programs\Python\Python312\Lib\dis.py first seen with mtime 1712663418.0
File C:\Users\birol\OneDrive\Masaüstü\projeYeni\IMDB-CLONE\.venv\Lib\site-packages\django\core\files\__init__.py first seen with mtime 1717881833.632663
File C:\Users\birol\AppData\Local\Programs\Python\Python312\Lib\heapq.py first seen with mtime 1712663418.0
File C:\Users\birol\OneDrive\Masaüstü\projeYeni\IMDB-CLONE\.venv\Lib\site-packages\django\contrib\admin\exceptions.py first seen with mtime 1717881830.84902
File C:\Users\birol\AppData\Local\Programs\Python\Python312\Lib\base64.py first seen with mtime 1712663418.0
File C:\Users\birol\OneDrive\Masaüstü\projeYeni\IMDB-CLONE\.venv\Lib\site-packages\django\urls\base.py first seen with mtime 1717881833.969792
File C:\Users\birol\OneDrive\Masaüstü\projeYeni\IMDB-CLONE\.venv\Lib\site-packages\django\core\files\storage\memory.py first seen with mtime 1717881833.6496162
File C:\Users\birol\OneDrive\Masaüstü\projeYeni\IMDB-CLONE\.venv\Lib\site-packages\django\views\decorators\cache.py first seen with mtime 1717881834.0186596
File C:\Users\birol\OneDrive\Masaüstü\projeYeni\IMDB-CLONE\.venv\Lib\site-packages\django\db\migrations\exceptions.py first seen with mtime 1717881833.7852547
File C:\Users\birol\AppData\Local\Programs\Python\Python312\Lib\uuid.py first seen with mtime 1712663418.0
File C:\Users\birol\OneDrive\Masaüstü\projeYeni\IMDB-CLONE\.venv\Lib\site-packages\django\template\loaders\app_directories.py first seen with mtime 1717881833.9528358
File C:\Users\birol\AppData\Local\Programs\Python\Python312\Lib\asyncio\staggered.py first seen with mtime 1712663418.0
File C:\Users\birol\AppData\Local\Programs\Python\Python312\Lib\pathlib.py first seen with mtime 1712663418.0
File C:\Users\birol\OneDrive\Masaüstü\projeYeni\IMDB-CLONE\.venv\Lib\site-packages\django\http\cookie.py first seen with mtime 1717881833.9239144
File C:\Users\birol\AppData\Local\Programs\Python\Python312\Lib\email\_policybase.py first seen with mtime 1712663418.0
File C:\Users\birol\AppData\Local\Programs\Python\Python312\Lib\asyncio\timeouts.py first seen with mtime 1712663418.0
File C:\Users\birol\AppData\Local\Programs\Python\Python312\Lib\email\_header_value_parser.py first seen with mtime 1712663418.0
File C:\Users\birol\AppData\Local\Programs\Python\Python312\DLLs\_asyncio.pyd first seen with mtime 1712663462.0
File C:\Users\birol\AppData\Local\Programs\Python\Python312\DLLs\_decimal.pyd first seen with mtime 1712663462.0
File C:\Users\birol\AppData\Local\Programs\Python\Python312\DLLs\_queue.pyd first seen with mtime 1712663462.0
File C:\Users\birol\OneDrive\Masaüstü\projeYeni\IMDB-CLONE\.venv\Lib\site-packages\django\core\checks\compatibility\__init__.py first seen with mtime 1717881833.6256804
File C:\Users\birol\AppData\Local\Programs\Python\Python312\Lib\hmac.py first seen with mtime 1712663418.0
File C:\Users\birol\OneDrive\Masaüstü\projeYeni\IMDB-CLONE\.venv\Lib\site-packages\django\utils\lorem_ipsum.py first seen with mtime 1717881833.9977164
File C:\Users\birol\OneDrive\Masaüstü\projeYeni\IMDB-CLONE\.venv\Lib\site-packages\django\contrib\admin\widgets.py first seen with mtime 1717881830.8569987
File C:\Users\birol\OneDrive\Masaüstü\projeYeni\IMDB-CLONE\.venv\Lib\site-packages\asgiref\local.py first seen with mtime 1717881830.3073342
File C:\Users\birol\AppData\Local\Programs\Python\Python312\Lib\difflib.py first seen with mtime 1712663418.0
File C:\Users\birol\OneDrive\Masaüstü\projeYeni\IMDB-CLONE\.venv\Lib\site-packages\django\core\cache\backends\filebased.py first seen with mtime 1717881833.606731
File C:\Users\birol\OneDrive\Masaüstü\projeYeni\IMDB-CLONE\.venv\Lib\site-packages\django\db\models\indexes.py first seen with mtime 1717881833.8101885
File C:\Users\birol\OneDrive\Masaüstü\projeYeni\IMDB-CLONE\.venv\Lib\site-packages\django\contrib\admin\helpers.py first seen with mtime 1717881830.8520145
File C:\Users\birol\OneDrive\Masaüstü\projeYeni\IMDB-CLONE\.venv\Lib\site-packages\django\db\migrations\operations\__init__.py first seen with mtime 1717881833.7982185
File C:\Users\birol\OneDrive\Masaüstü\projeYeni\IMDB-CLONE\.venv\Lib\site-packages\django\contrib\admin\utils.py first seen with mtime 1717881830.8560007
File C:\Users\birol\AppData\Local\Programs\Python\Python312\Lib\getpass.py first seen with mtime 1712663418.0
File C:\Users\birol\OneDrive\Masaüstü\projeYeni\IMDB-CLONE\.venv\Lib\site-packages\django\utils\translation\trans_real.py first seen with mtime 1717881834.011679
File C:\Users\birol\OneDrive\Masaüstü\projeYeni\IMDB-CLONE\.venv\Lib\site-packages\django\views\decorators\csrf.py first seen with mtime 1717881834.0216527
File C:\Users\birol\OneDrive\Masaüstü\projeYeni\IMDB-CLONE\.venv\Lib\site-packages\django\core\validators.py first seen with mtime 1717881833.5977547
File C:\Users\birol\AppData\Local\Programs\Python\Python312\Lib\lzma.py first seen with mtime 1712663418.0
File C:\Users\birol\OneDrive\Masaüstü\projeYeni\IMDB-CLONE\.venv\Lib\site-packages\django\core\files\storage\mixins.py first seen with mtime 1717881833.6506135
File C:\Users\birol\AppData\Local\Programs\Python\Python312\Lib\selectors.py first seen with mtime 1712663418.0
File C:\Users\birol\OneDrive\Masaüstü\projeYeni\IMDB-CLONE\.venv\Lib\site-packages\django\core\management\color.py first seen with mtime 1717881833.683526
File C:\Users\birol\AppData\Local\Programs\Python\Python312\Lib\asyncio\runners.py first seen with mtime 1712663418.0
File C:\Users\birol\OneDrive\Masaüstü\projeYeni\IMDB-CLONE\.venv\Lib\site-packages\sqlparse\sql.py first seen with mtime 1717881830.0250678
File C:\Users\birol\AppData\Local\Programs\Python\Python312\Lib\asyncio\__init__.py first seen with mtime 1712663418.0
File C:\Users\birol\OneDrive\Masaüstü\projeYeni\IMDB-CLONE\.venv\Lib\site-packages\django\db\models\sql\where.py first seen with mtime 1717881833.8391092
File C:\Users\birol\AppData\Local\Programs\Python\Python312\Lib\asyncio\windows_utils.py first seen with mtime 1712663418.0
File C:\Users\birol\OneDrive\Masaüstü\projeYeni\IMDB-CLONE\.venv\Lib\site-packages\django\db\models\constraints.py first seen with mtime 1717881833.8071957
File C:\Users\birol\OneDrive\Masaüstü\projeYeni\IMDB-CLONE\.venv\Lib\site-packages\django\db\models\functions\datetime.py first seen with mtime 1717881833.8291366
File C:\Users\birol\OneDrive\Masaüstü\projeYeni\IMDB-CLONE\.venv\Lib\site-packages\django\db\models\deletion.py first seen with mtime 1717881833.8081937
File C:\Users\birol\AppData\Local\Programs\Python\Python312\Lib\wsgiref\__init__.py first seen with mtime 1712663418.0
File C:\Users\birol\OneDrive\Masaüstü\projeYeni\IMDB-CLONE\.venv\Lib\site-packages\django\contrib\admin\apps.py first seen with mtime 1717881830.8460288
File C:\Users\birol\OneDrive\Masaüstü\projeYeni\IMDB-CLONE\.venv\Lib\site-packages\django\contrib\messages\__init__.py first seen with mtime 1717881832.7651572
File C:\Users\birol\OneDrive\Masaüstü\projeYeni\IMDB-CLONE\.venv\Lib\site-packages\django\utils\termcolors.py first seen with mtime 1717881834.0017066
File C:\Users\birol\AppData\Local\Programs\Python\Python312\DLLs\select.pyd first seen with mtime 1712663462.0
File C:\Users\birol\OneDrive\Masaüstü\projeYeni\IMDB-CLONE\.venv\Lib\site-packages\django\template\__init__.py first seen with mtime 1717881833.9348838
File C:\Users\birol\OneDrive\Masaüstü\projeYeni\IMDB-CLONE\.venv\Lib\site-packages\django\core\checks\registry.py first seen with mtime 1717881833.6216905
File C:\Users\birol\AppData\Local\Programs\Python\Python312\Lib\asyncio\base_events.py first seen with mtime 1712663418.0
File C:\Users\birol\AppData\Local\Programs\Python\Python312\Lib\logging\__init__.py first seen with mtime 1712663418.0
File C:\Users\birol\AppData\Local\Programs\Python\Python312\Lib\ctypes\_endian.py first seen with mtime 1712663418.0
File C:\Users\birol\AppData\Local\Programs\Python\Python312\Lib\collections\__init__.py first seen with mtime 1712663418.0
File C:\Users\birol\OneDrive\Masaüstü\projeYeni\IMDB-CLONE\.venv\Lib\site-packages\django\utils\translation\__init__.py first seen with mtime 1717881834.0086868
File C:\Users\birol\AppData\Local\Programs\Python\Python312\Lib\email\mime\__init__.py first seen with mtime 1712663418.0
File C:\Users\birol\OneDrive\Masaüstü\projeYeni\IMDB-CLONE\.venv\Lib\site-packages\django\contrib\auth\signals.py first seen with mtime 1717881831.6636562
File C:\Users\birol\OneDrive\Masaüstü\projeYeni\IMDB-CLONE\.venv\Lib\site-packages\django\db\__init__.py first seen with mtime 1717881833.7294035
File C:\Users\birol\AppData\Local\Programs\Python\Python312\Lib\ctypes\__init__.py first seen with mtime 1712663418.0
File C:\Users\birol\AppData\Local\Programs\Python\Python312\Lib\textwrap.py first seen with mtime 1712663418.0
File C:\Users\birol\OneDrive\Masaüstü\projeYeni\IMDB-CLONE\.venv\Lib\site-packages\django\contrib\staticfiles\checks.py first seen with mtime 1717881833.5809758
File C:\Users\birol\OneDrive\Masaüstü\projeYeni\IMDB-CLONE\.venv\Lib\site-packages\django\views\generic\__init__.py first seen with mtime 1717881834.025641
File C:\Users\birol\OneDrive\Masaüstü\projeYeni\IMDB-CLONE\.venv\Lib\site-packages\django\contrib\auth\apps.py first seen with mtime 1717881831.6536822
File C:\Users\birol\OneDrive\Masaüstü\projeYeni\IMDB-CLONE\.venv\Lib\site-packages\django\utils\dateparse.py first seen with mtime 1717881833.9847515
File C:\Users\birol\OneDrive\Masaüstü\projeYeni\IMDB-CLONE\.venv\Lib\site-packages\django\template\loaders\cached.py first seen with mtime 1717881833.9548311
File C:\Users\birol\OneDrive\Masaüstü\projeYeni\IMDB-CLONE\.venv\Lib\site-packages\django\core\handlers\__init__.py first seen with mtime 1717881833.6516118
File C:\Users\birol\AppData\Local\Programs\Python\Python312\Lib\asyncio\events.py first seen with mtime 1712663418.0
File C:\Users\birol\AppData\Local\Programs\Python\Python312\Lib\weakref.py first seen with mtime 1712663418.0
File C:\Users\birol\AppData\Local\Programs\Python\Python312\Lib\email\_parseaddr.py first seen with mtime 1712663418.0
File C:\Users\birol\AppData\Local\Programs\Python\Python312\Lib\asyncio\mixins.py first seen with mtime 1712663418.0
File C:\Users\birol\OneDrive\Masaüstü\projeYeni\IMDB-CLONE\.venv\Lib\site-packages\django\utils\duration.py first seen with mtime 1717881833.9877422
File C:\Users\birol\OneDrive\Masaüstü\projeYeni\IMDB-CLONE\.venv\Lib\site-packages\django\utils\regex_helper.py first seen with mtime 1717881834.0007079
File C:\Users\birol\OneDrive\Masaüstü\projeYeni\IMDB-CLONE\.venv\Lib\site-packages\django\middleware\csrf.py first seen with mtime 1717881833.9308944
File C:\Users\birol\AppData\Local\Programs\Python\Python312\Lib\fnmatch.py first seen with mtime 1712663418.0
File C:\Users\birol\OneDrive\Masaüstü\projeYeni\IMDB-CLONE\.venv\Lib\site-packages\django\db\migrations\operations\fields.py first seen with mtime 1717881833.8002167
File C:\Users\birol\OneDrive\Masaüstü\projeYeni\IMDB-CLONE\.venv\Lib\site-packages\django\db\models\constants.py first seen with mtime 1717881833.8061984
File C:\Users\birol\AppData\Local\Programs\Python\Python312\Lib\asyncio\locks.py first seen with mtime 1712663418.0
File C:\Users\birol\AppData\Local\Programs\Python\Python312\Lib\enum.py first seen with mtime 1712663418.0
File C:\Users\birol\OneDrive\Masaüstü\projeYeni\IMDB-CLONE\.venv\Lib\site-packages\django\utils\text.py first seen with mtime 1717881834.0027027
File C:\Users\birol\AppData\Local\Programs\Python\Python312\Lib\asyncio\windows_events.py first seen with mtime 1712663418.0
File C:\Users\birol\OneDrive\Masaüstü\projeYeni\IMDB-CLONE\.venv\Lib\site-packages\django\db\models\aggregates.py first seen with mtime 1717881833.8042026
File C:\Users\birol\AppData\Local\Programs\Python\Python312\Lib\subprocess.py first seen with mtime 1712663418.0
File C:\Users\birol\OneDrive\Masaüstü\projeYeni\IMDB-CLONE\.venv\Lib\site-packages\django\db\transaction.py first seen with mtime 1717881833.7304013
File C:\Users\birol\OneDrive\Masaüstü\projeYeni\IMDB-CLONE\.venv\Lib\site-packages\django\utils\_os.py first seen with mtime 1717881833.9757755
File C:\Users\birol\OneDrive\Masaüstü\projeYeni\IMDB-CLONE\.venv\Lib\site-packages\django\template\backends\base.py first seen with mtime 1717881833.9488468
File C:\Users\birol\OneDrive\Masaüstü\projeYeni\IMDB-CLONE\.venv\Lib\site-packages\django\core\files\temp.py first seen with mtime 1717881833.6376495
File C:\Users\birol\AppData\Local\Programs\Python\Python312\Lib\asyncio\taskgroups.py first seen with mtime 1712663418.0
File C:\Users\birol\OneDrive\Masaüstü\projeYeni\IMDB-CLONE\.venv\Lib\site-packages\django\contrib\messages\apps.py first seen with mtime 1717881832.7661536
File C:\Users\birol\OneDrive\Masaüstü\projeYeni\IMDB-CLONE\.venv\Lib\site-packages\django\core\checks\translation.py first seen with mtime 1717881833.6236854
File C:\Users\birol\OneDrive\Masaüstü\projeYeni\IMDB-CLONE\.venv\Lib\site-packages\django\utils\autoreload.py first seen with mtime 1717881833.9787662
File C:\Users\birol\OneDrive\Masaüstü\projeYeni\IMDB-CLONE\.venv\Lib\site-packages\django\core\checks\messages.py first seen with mtime 1717881833.6196964
File C:\Users\birol\AppData\Local\Programs\Python\Python312\Lib\html\parser.py first seen with mtime 1712663418.0
File C:\Users\birol\OneDrive\Masaüstü\projeYeni\IMDB-CLONE\.venv\Lib\site-packages\django\db\utils.py first seen with mtime 1717881833.7313974
File C:\Users\birol\OneDrive\Masaüstü\projeYeni\IMDB-CLONE\.venv\Lib\site-packages\django\core\files\move.py first seen with mtime 1717881833.6366532
File C:\Users\birol\OneDrive\Masaüstü\projeYeni\IMDB-CLONE\.venv\Lib\site-packages\django\core\serializers\json.py first seen with mtime 1717881833.72342
File C:\Users\birol\OneDrive\Masaüstü\projeYeni\IMDB-CLONE\.venv\Lib\site-packages\django\db\models\functions\comparison.py first seen with mtime 1717881833.82814
File C:\Users\birol\AppData\Local\Programs\Python\Python312\Lib\email\mime\multipart.py first seen with mtime 1712663418.0
File C:\Users\birol\AppData\Local\Programs\Python\Python312\Lib\ssl.py first seen with mtime 1712663418.0
File C:\Users\birol\OneDrive\Masaüstü\projeYeni\IMDB-CLONE\.venv\Lib\site-packages\django\template\loaders\__init__.py first seen with mtime 1717881833.9518392
File C:\Users\birol\OneDrive\Masaüstü\projeYeni\IMDB-CLONE\.venv\Lib\site-packages\sqlparse\formatter.py first seen with mtime 1717881830.0220747
File C:\Users\birol\AppData\Local\Programs\Python\Python312\Lib\datetime.py first seen with mtime 1712663418.0
File C:\Users\birol\OneDrive\Masaüstü\projeYeni\IMDB-CLONE\.venv\Lib\site-packages\django\core\files\uploadedfile.py first seen with mtime 1717881833.6386454
File C:\Users\birol\OneDrive\Masaüstü\projeYeni\IMDB-CLONE\.venv\Lib\site-packages\django\utils\tree.py first seen with mtime 1717881834.0056949
File C:\Users\birol\OneDrive\Masaüstü\projeYeni\IMDB-CLONE\.venv\Lib\site-packages\sqlparse\tokens.py first seen with mtime 1717881830.0260649
File C:\Users\birol\OneDrive\Masaüstü\projeYeni\IMDB-CLONE\.venv\Lib\site-packages\django\core\signing.py first seen with mtime 1717881833.5967574
File C:\Users\birol\OneDrive\Masaüstü\projeYeni\IMDB-CLONE\.venv\Lib\site-packages\django\db\models\manager.py first seen with mtime 1717881833.8121824
File C:\Users\birol\AppData\Local\Programs\Python\Python312\Lib\pickle.py first seen with mtime 1712663418.0
File C:\Users\birol\OneDrive\Masaüstü\projeYeni\IMDB-CLONE\.venv\Lib\site-packages\sqlparse\filters\others.py first seen with mtime 1717881830.0330465
File C:\Users\birol\OneDrive\Masaüstü\projeYeni\IMDB-CLONE\.venv\Lib\site-packages\django\template\engine.py first seen with mtime 1717881833.941866
File C:\Users\birol\OneDrive\Masaüstü\projeYeni\IMDB-CLONE\.venv\Lib\site-packages\django\template\defaulttags.py first seen with mtime 1717881833.940868
File C:\Users\birol\AppData\Local\Programs\Python\Python312\Lib\email\feedparser.py first seen with mtime 1712663418.0
File C:\Users\birol\OneDrive\Masaüstü\projeYeni\IMDB-CLONE\.venv\Lib\site-packages\django\core\files\storage\handler.py first seen with mtime 1717881833.6476216
File C:\Users\birol\AppData\Local\Programs\Python\Python312\Lib\ctypes\wintypes.py first seen with mtime 1712663418.0
File C:\Users\birol\OneDrive\Masaüstü\projeYeni\IMDB-CLONE\.venv\Lib\site-packages\django\db\models\options.py first seen with mtime 1717881833.8131795
File C:\Users\birol\AppData\Local\Programs\Python\Python312\Lib\concurrent\__init__.py first seen with mtime 1712663418.0
File C:\Users\birol\OneDrive\Masaüstü\projeYeni\IMDB-CLONE\.venv\Lib\site-packages\django\core\handlers\exception.py first seen with mtime 1717881833.6565976
File C:\Users\birol\OneDrive\Masaüstü\projeYeni\IMDB-CLONE\my_django_project\my_django_project\settings.py first seen with mtime 1718037708.4562283
File C:\Users\birol\OneDrive\Masaüstü\projeYeni\IMDB-CLONE\.venv\Lib\site-packages\django\core\management\commands\runserver.py first seen with mtime 1717881833.7104566
File C:\Users\birol\OneDrive\Masaüstü\projeYeni\IMDB-CLONE\.venv\Lib\site-packages\django\contrib\messages\api.py first seen with mtime 1717881832.7661536
File C:\Users\birol\OneDrive\Masaüstü\projeYeni\IMDB-CLONE\my_django_project\manage.py first seen with mtime 1718015062.024778
File C:\Users\birol\AppData\Local\Programs\Python\Python312\Lib\encodings\__init__.py first seen with mtime 1712663418.0
File C:\Users\birol\OneDrive\Masaüstü\projeYeni\IMDB-CLONE\.venv\Lib\site-packages\sqlparse\filters\aligned_indent.py first seen with mtime 1717881830.0320487
File C:\Users\birol\AppData\Local\Programs\Python\Python312\Lib\tokenize.py first seen with mtime 1712663418.0
File C:\Users\birol\AppData\Local\Programs\Python\Python312\Lib\re\_parser.py first seen with mtime 1712663418.0
File C:\Users\birol\AppData\Local\Programs\Python\Python312\Lib\email\errors.py first seen with mtime 1712663418.0
File C:\Users\birol\AppData\Local\Programs\Python\Python312\Lib\email\iterators.py first seen with mtime 1712663418.0
File C:\Users\birol\OneDrive\Masaüstü\projeYeni\IMDB-CLONE\.venv\Lib\site-packages\django\forms\forms.py first seen with mtime 1717881833.845094
File C:\Users\birol\OneDrive\Masaüstü\projeYeni\IMDB-CLONE\.venv\Lib\site-packages\sqlparse\engine\statement_splitter.py first seen with mtime 1717881830.0300527
File C:\Users\birol\OneDrive\Masaüstü\projeYeni\IMDB-CLONE\.venv\Lib\site-packages\django\forms\formsets.py first seen with mtime 1717881833.8460903
File C:\Users\birol\AppData\Local\Programs\Python\Python312\DLLs\unicodedata.pyd first seen with mtime 1712663462.0
File C:\Users\birol\OneDrive\Masaüstü\projeYeni\IMDB-CLONE\.venv\Lib\site-packages\django\core\checks\security\base.py first seen with mtime 1717881833.62868
File C:\Users\birol\OneDrive\Masaüstü\projeYeni\IMDB-CLONE\.venv\Lib\site-packages\django\apps\config.py first seen with mtime 1717881830.4501069
File C:\Users\birol\AppData\Local\Programs\Python\Python312\Lib\contextvars.py first seen with mtime 1712663418.0
File C:\Users\birol\AppData\Local\Programs\Python\Python312\Lib\encodings\utf_8.py first seen with mtime 1712663418.0
File C:\Users\birol\OneDrive\Masaüstü\projeYeni\IMDB-CLONE\.venv\Lib\site-packages\django\templatetags\static.py first seen with mtime 1717881833.9608145
File C:\Users\birol\OneDrive\Masaüstü\projeYeni\IMDB-CLONE\.venv\Lib\site-packages\django\contrib\staticfiles\apps.py first seen with mtime 1717881833.5799773
File C:\Users\birol\AppData\Local\Programs\Python\Python312\Lib\asyncio\streams.py first seen with mtime 1712663418.0
File C:\Users\birol\AppData\Local\Programs\Python\Python312\DLLs\_ctypes.pyd first seen with mtime 1712663462.0
File C:\Users\birol\OneDrive\Masaüstü\projeYeni\IMDB-CLONE\.venv\Lib\site-packages\django\urls\conf.py first seen with mtime 1717881833.970791
File C:\Users\birol\OneDrive\Masaüstü\projeYeni\IMDB-CLONE\.venv\Lib\site-packages\sqlparse\cli.py first seen with mtime 1717881830.0200794
File C:\Users\birol\OneDrive\Masaüstü\projeYeni\IMDB-CLONE\.venv\Lib\site-packages\django\core\files\storage\base.py first seen with mtime 1717881833.6456268
File C:\Users\birol\AppData\Local\Programs\Python\Python312\Lib\random.py first seen with mtime 1712663418.0
File C:\Users\birol\AppData\Local\Programs\Python\Python312\Lib\asyncio\threads.py first seen with mtime 1712663418.0
File C:\Users\birol\OneDrive\Masaüstü\projeYeni\IMDB-CLONE\.venv\Lib\site-packages\sqlparse\utils.py first seen with mtime 1717881830.027062
File C:\Users\birol\OneDrive\Masaüstü\projeYeni\IMDB-CLONE\.venv\Lib\site-packages\sqlparse\filters\__init__.py first seen with mtime 1717881830.0310514
File C:\Users\birol\OneDrive\Masaüstü\projeYeni\IMDB-CLONE\.venv\Lib\site-packages\django\http\__init__.py first seen with mtime 1717881833.9239144
File C:\Users\birol\OneDrive\Masaüstü\projeYeni\IMDB-CLONE\.venv\Lib\site-packages\django\views\decorators\common.py first seen with mtime 1717881834.0206544
File C:\Users\birol\AppData\Local\Programs\Python\Python312\Lib\urllib\parse.py first seen with mtime 1712663418.0
File C:\Users\birol\OneDrive\Masaüstü\projeYeni\IMDB-CLONE\.venv\Lib\site-packages\django\template\context.py first seen with mtime 1717881833.937876
File C:\Users\birol\AppData\Local\Programs\Python\Python312\Lib\encodings\aliases.py first seen with mtime 1712663418.0
File C:\Users\birol\OneDrive\Masaüstü\projeYeni\IMDB-CLONE\.venv\Lib\site-packages\django\core\checks\files.py first seen with mtime 1717881833.6186998
File C:\Users\birol\AppData\Local\Programs\Python\Python312\Lib\calendar.py first seen with mtime 1712663418.0
File C:\Users\birol\OneDrive\Masaüstü\projeYeni\IMDB-CLONE\.venv\Lib\site-packages\django\dispatch\dispatcher.py first seen with mtime 1717881833.8411064
File C:\Users\birol\OneDrive\Masaüstü\projeYeni\IMDB-CLONE\.venv\Lib\site-packages\sqlparse\engine\grouping.py first seen with mtime 1717881830.029056
File C:\Users\birol\AppData\Local\Programs\Python\Python312\Lib\graphlib.py first seen with mtime 1712663418.0
File C:\Users\birol\AppData\Local\Programs\Python\Python312\Lib\email\message.py first seen with mtime 1712663418.0
File C:\Users\birol\OneDrive\Masaüstü\projeYeni\IMDB-CLONE\.venv\Lib\site-packages\django\db\models\enums.py first seen with mtime 1717881833.8091905
File C:\Users\birol\OneDrive\Masaüstü\projeYeni\IMDB-CLONE\.venv\Lib\site-packages\django\db\models\expressions.py first seen with mtime 1717881833.8101885
File C:\Users\birol\OneDrive\Masaüstü\projeYeni\IMDB-CLONE\.venv\Lib\site-packages\django\core\signals.py first seen with mtime 1717881833.5967574
File C:\Users\birol\AppData\Local\Programs\Python\Python312\Lib\keyword.py first seen with mtime 1712663418.0
File C:\Users\birol\OneDrive\Masaüstü\projeYeni\IMDB-CLONE\.venv\Lib\site-packages\django\urls\__init__.py first seen with mtime 1717881833.9687939
File C:\Users\birol\AppData\Local\Programs\Python\Python312\Lib\argparse.py first seen with mtime 1712663418.0
File C:\Users\birol\OneDrive\Masaüstü\projeYeni\IMDB-CLONE\.venv\Lib\site-packages\django\views\i18n.py first seen with mtime 1717881834.0156682
File C:\Users\birol\AppData\Local\Programs\Python\Python312\Lib\asyncio\log.py first seen with mtime 1712663418.0
File C:\Users\birol\OneDrive\Masaüstü\projeYeni\IMDB-CLONE\.venv\Lib\site-packages\django\utils\datastructures.py first seen with mtime 1717881833.9827557
File C:\Users\birol\OneDrive\Masaüstü\projeYeni\IMDB-CLONE\.venv\Lib\site-packages\colorama\initialise.py first seen with mtime 1717881686.8410082
File C:\Users\birol\AppData\Local\Programs\Python\Python312\Lib\socket.py first seen with mtime 1712663418.0
File C:\Users\birol\AppData\Local\Programs\Python\Python312\Lib\email\parser.py first seen with mtime 1712663418.0
File C:\Users\birol\AppData\Local\Programs\Python\Python312\Lib\tempfile.py first seen with mtime 1712663418.0
File C:\Users\birol\AppData\Local\Programs\Python\Python312\Lib\warnings.py first seen with mtime 1712663418.0
File C:\Users\birol\OneDrive\Masaüstü\projeYeni\IMDB-CLONE\.venv\Lib\site-packages\django\contrib\contenttypes\__init__.py first seen with mtime 1717881831.866112
File C:\Users\birol\AppData\Local\Programs\Python\Python312\Lib\asyncio\constants.py first seen with mtime 1712663418.0
File C:\Users\birol\OneDrive\Masaüstü\projeYeni\IMDB-CLONE\.venv\Lib\site-packages\django\db\migrations\__init__.py first seen with mtime 1717881833.783259
File C:\Users\birol\AppData\Local\Programs\Python\Python312\Lib\opcode.py first seen with mtime 1712663418.0
File C:\Users\birol\OneDrive\Masaüstü\projeYeni\IMDB-CLONE\.venv\Lib\site-packages\django\db\backends\__init__.py first seen with mtime 1717881833.7323947
File C:\Users\birol\AppData\Local\Programs\Python\Python312\Lib\bz2.py first seen with mtime 1712663418.0
File C:\Users\birol\OneDrive\Masaüstü\projeYeni\IMDB-CLONE\.venv\Lib\site-packages\django\core\handlers\base.py first seen with mtime 1717881833.6546028
File C:\Users\birol\OneDrive\Masaüstü\projeYeni\IMDB-CLONE\.venv\Lib\site-packages\django\db\migrations\operations\models.py first seen with mtime 1717881833.801212
File C:\Users\birol\OneDrive\Masaüstü\projeYeni\IMDB-CLONE\.venv\Lib\site-packages\django\template\loader_tags.py first seen with mtime 1717881833.9448578
File C:\Users\birol\AppData\Local\Programs\Python\Python312\Lib\email\contentmanager.py first seen with mtime 1712663418.0
File C:\Users\birol\OneDrive\Masaüstü\projeYeni\IMDB-CLONE\.venv\Lib\site-packages\django\db\models\fields\generated.py first seen with mtime 1717881833.82016
File C:\Users\birol\OneDrive\Masaüstü\projeYeni\IMDB-CLONE\.venv\Lib\site-packages\django\views\decorators\debug.py first seen with mtime 1717881834.0216527
File C:\Users\birol\OneDrive\Masaüstü\projeYeni\IMDB-CLONE\.venv\Lib\site-packages\django\utils\itercompat.py first seen with mtime 1717881833.9957209
File C:\Users\birol\AppData\Local\Programs\Python\Python312\Lib\typing.py first seen with mtime 1712663418.0
File C:\Users\birol\AppData\Local\Programs\Python\Python312\Lib\queue.py first seen with mtime 1712663418.0
File C:\Users\birol\OneDrive\Masaüstü\projeYeni\IMDB-CLONE\.venv\Lib\site-packages\django\middleware\__init__.py first seen with mtime 1717881833.927902
File C:\Users\birol\AppData\Local\Programs\Python\Python312\Lib\email\mime\nonmultipart.py first seen with mtime 1712663418.0
File C:\Users\birol\OneDrive\Masaüstü\projeYeni\IMDB-CLONE\.venv\Lib\site-packages\django\utils\hashable.py first seen with mtime 1717881833.9917338
File C:\Users\birol\AppData\Local\Programs\Python\Python312\Lib\sysconfig.py first seen with mtime 1712663418.0
File C:\Users\birol\OneDrive\Masaüstü\projeYeni\IMDB-CLONE\.venv\Lib\site-packages\django\forms\__init__.py first seen with mtime 1717881833.8421013
File C:\Users\birol\OneDrive\Masaüstü\projeYeni\IMDB-CLONE\.venv\Lib\site-packages\django\contrib\staticfiles\__init__.py first seen with mtime 1717881833.5789802
File C:\Users\birol\OneDrive\Masaüstü\projeYeni\IMDB-CLONE\.venv\Lib\site-packages\colorama\ansitowin32.py first seen with mtime 1717881686.8400126
File C:\Users\birol\AppData\Local\Programs\Python\Python312\DLLs\_hashlib.pyd first seen with mtime 1712663462.0
File C:\Users\birol\OneDrive\Masaüstü\projeYeni\IMDB-CLONE\.venv\Lib\site-packages\django\db\migrations\operations\special.py first seen with mtime 1717881833.8022077
File C:\Users\birol\AppData\Local\Programs\Python\Python312\Lib\decimal.py first seen with mtime 1712663418.0
File C:\Users\birol\OneDrive\Masaüstü\projeYeni\IMDB-CLONE\.venv\Lib\site-packages\django\db\backends\utils.py first seen with mtime 1717881833.7353866
File C:\Users\birol\AppData\Local\Programs\Python\Python312\Lib\string.py first seen with mtime 1712663418.0
File C:\Users\birol\AppData\Local\Programs\Python\Python312\Lib\locale.py first seen with mtime 1712663418.0
File C:\Users\birol\AppData\Local\Programs\Python\Python312\Lib\email\mime\message.py first seen with mtime 1712663418.0
File C:\Users\birol\OneDrive\Masaüstü\projeYeni\IMDB-CLONE\.venv\Lib\site-packages\django\templatetags\i18n.py first seen with mtime 1717881833.958821
File C:\Users\birol\OneDrive\Masaüstü\projeYeni\IMDB-CLONE\.venv\Lib\site-packages\django\contrib\__init__.py first seen with mtime 1717881830.8440328
File C:\Users\birol\AppData\Local\Programs\Python\Python312\Lib\wsgiref\simple_server.py first seen with mtime 1712663418.0
File C:\Users\birol\OneDrive\Masaüstü\projeYeni\IMDB-CLONE\.venv\Lib\site-packages\sqlparse\filters\right_margin.py first seen with mtime 1717881830.0350404
File C:\Users\birol\AppData\Local\Programs\Python\Python312\Lib\asyncio\futures.py first seen with mtime 1712663418.0
File C:\Users\birol\OneDrive\Masaüstü\projeYeni\IMDB-CLONE\.venv\Lib\site-packages\django\template\loaders\base.py first seen with mtime 1717881833.953834
File C:\Users\birol\OneDrive\Masaüstü\projeYeni\IMDB-CLONE\.venv\Lib\site-packages\django\forms\renderers.py first seen with mtime 1717881833.8480864
File C:\Users\birol\OneDrive\Masaüstü\projeYeni\IMDB-CLONE\.venv\Lib\site-packages\django\core\serializers\base.py first seen with mtime 1717881833.722422
File C:\Users\birol\AppData\Local\Programs\Python\Python312\Lib\struct.py first seen with mtime 1712663418.0
File C:\Users\birol\AppData\Local\Programs\Python\Python312\Lib\email\__init__.py first seen with mtime 1712663418.0
File C:\Users\birol\AppData\Local\Programs\Python\Python312\Lib\functools.py first seen with mtime 1712663418.0
File C:\Users\birol\AppData\Local\Programs\Python\Python312\Lib\concurrent\futures\thread.py first seen with mtime 1712663418.0
File C:\Users\birol\OneDrive\Masaüstü\projeYeni\IMDB-CLONE\.venv\Lib\site-packages\django\utils\ipv6.py first seen with mtime 1717881833.994724
File C:\Users\birol\OneDrive\Masaüstü\projeYeni\IMDB-CLONE\.venv\Lib\site-packages\django\core\serializers\python.py first seen with mtime 1717881833.725413
File C:\Users\birol\OneDrive\Masaüstü\projeYeni\IMDB-CLONE\.venv\Lib\site-packages\django\templatetags\l10n.py first seen with mtime 1717881833.9598174
File C:\Users\birol\OneDrive\Masaüstü\projeYeni\IMDB-CLONE\.venv\Lib\site-packages\django\db\models\functions\text.py first seen with mtime 1717881833.8311327
File C:\Users\birol\OneDrive\Masaüstü\projeYeni\IMDB-CLONE\.venv\Lib\site-packages\django\db\models\fields\json.py first seen with mtime 1717881833.821158
File C:\Users\birol\OneDrive\Masaüstü\projeYeni\IMDB-CLONE\.venv\Lib\site-packages\django\template\defaultfilters.py first seen with mtime 1717881833.9388733
File C:\Users\birol\AppData\Local\Programs\Python\Python312\Lib\copy.py first seen with mtime 1712663418.0
File C:\Users\birol\AppData\Local\Programs\Python\Python312\Lib\secrets.py first seen with mtime 1712663418.0
File C:\Users\birol\AppData\Local\Programs\Python\Python312\Lib\re\_casefix.py first seen with mtime 1712663418.0
File C:\Users\birol\OneDrive\Masaüstü\projeYeni\IMDB-CLONE\.venv\Lib\site-packages\django\views\generic\dates.py first seen with mtime 1717881834.0266392
File C:\Users\birol\OneDrive\Masaüstü\projeYeni\IMDB-CLONE\.venv\Lib\site-packages\django\contrib\admin\__init__.py first seen with mtime 1717881830.8450315
File C:\Users\birol\OneDrive\Masaüstü\projeYeni\IMDB-CLONE\.venv\Lib\site-packages\django\contrib\messages\constants.py first seen with mtime 1717881832.767151
File C:\Users\birol\OneDrive\Masaüstü\projeYeni\IMDB-CLONE\.venv\Lib\site-packages\django\db\models\fields\mixins.py first seen with mtime 1717881833.821158
File C:\Users\birol\AppData\Local\Programs\Python\Python312\Lib\wsgiref\headers.py first seen with mtime 1712663418.0
File C:\Users\birol\OneDrive\Masaüstü\projeYeni\IMDB-CLONE\.venv\Lib\site-packages\django\db\models\functions\mixins.py first seen with mtime 1717881833.8301342
File C:\Users\birol\OneDrive\Masaüstü\projeYeni\IMDB-CLONE\.venv\Lib\site-packages\django\__init__.py first seen with mtime 1717881830.4461174
File C:\Users\birol\OneDrive\Masaüstü\projeYeni\IMDB-CLONE\.venv\Lib\site-packages\django\http\request.py first seen with mtime 1717881833.9259093
File C:\Users\birol\OneDrive\Masaüstü\projeYeni\IMDB-CLONE\.venv\Lib\site-packages\django\utils\version.py first seen with mtime 1717881834.0066931
File C:\Users\birol\OneDrive\Masaüstü\projeYeni\IMDB-CLONE\.venv\Lib\site-packages\sqlparse\filters\reindent.py first seen with mtime 1717881830.0340433
File C:\Users\birol\OneDrive\Masaüstü\projeYeni\IMDB-CLONE\.venv\Lib\site-packages\django\templatetags\cache.py first seen with mtime 1717881833.9578228
File C:\Users\birol\AppData\Local\Programs\Python\Python312\Lib\operator.py first seen with mtime 1712663418.0
File C:\Users\birol\AppData\Local\Programs\Python\Python312\Lib\traceback.py first seen with mtime 1712663418.0
File C:\Users\birol\OneDrive\Masaüstü\projeYeni\IMDB-CLONE\.venv\Lib\site-packages\django\db\migrations\operations\base.py first seen with mtime 1717881833.7992172
File C:\Users\birol\OneDrive\Masaüstü\projeYeni\IMDB-CLONE\.venv\Lib\site-packages\django\db\models\fields\related_descriptors.py first seen with mtime 1717881833.8241496
File C:\Users\birol\OneDrive\Masaüstü\projeYeni\IMDB-CLONE\.venv\Lib\site-packages\django\contrib\messages\storage\__init__.py first seen with mtime 1717881832.7721374
File C:\Users\birol\OneDrive\Masaüstü\projeYeni\IMDB-CLONE\.venv\Lib\site-packages\django\template\backends\__init__.py first seen with mtime 1717881833.9478488
File C:\Users\birol\AppData\Local\Programs\Python\Python312\Lib\signal.py first seen with mtime 1712663418.0
File C:\Users\birol\OneDrive\Masaüstü\projeYeni\IMDB-CLONE\.venv\Lib\site-packages\django\template\library.py first seen with mtime 1717881833.9428627
File C:\Users\birol\AppData\Local\Programs\Python\Python312\Lib\asyncio\transports.py first seen with mtime 1712663418.0
File C:\Users\birol\OneDrive\Masaüstü\projeYeni\IMDB-CLONE\.venv\Lib\site-packages\django\db\models\functions\window.py first seen with mtime 1717881833.8321283
File C:\Users\birol\OneDrive\Masaüstü\projeYeni\IMDB-CLONE\.venv\Lib\site-packages\django\template\loaders\filesystem.py first seen with mtime 1717881833.9558287
File C:\Users\birol\OneDrive\Masaüstü\projeYeni\IMDB-CLONE\.venv\Lib\site-packages\django\db\models\fields\files.py first seen with mtime 1717881833.8191636
File C:\Users\birol\OneDrive\Masaüstü\projeYeni\IMDB-CLONE\.venv\Lib\site-packages\django\template\smartif.py first seen with mtime 1717881833.945855
File C:\Users\birol\AppData\Local\Programs\Python\Python312\Lib\platform.py first seen with mtime 1712663418.0
File C:\Users\birol\OneDrive\Masaüstü\projeYeni\IMDB-CLONE\.venv\Lib\site-packages\django\utils\module_loading.py first seen with mtime 1717881833.998716
File C:\Users\birol\AppData\Local\Programs\Python\Python312\Lib\inspect.py first seen with mtime 1712663418.0
File C:\Users\birol\OneDrive\Masaüstü\projeYeni\IMDB-CLONE\.venv\Lib\site-packages\django\contrib\admin\decorators.py first seen with mtime 1717881830.8480234
File C:\Users\birol\OneDrive\Masaüstü\projeYeni\IMDB-CLONE\.venv\Lib\site-packages\django\http\multipartparser.py first seen with mtime 1717881833.9249117
File C:\Users\birol\OneDrive\Masaüstü\projeYeni\IMDB-CLONE\.venv\Lib\site-packages\django\urls\exceptions.py first seen with mtime 1717881833.9717858
File C:\Users\birol\OneDrive\Masaüstü\projeYeni\IMDB-CLONE\.venv\Lib\site-packages\sqlparse\engine\filter_stack.py first seen with mtime 1717881830.029056
File C:\Users\birol\AppData\Local\Programs\Python\Python312\DLLs\_bz2.pyd first seen with mtime 1712663462.0
File C:\Users\birol\OneDrive\Masaüstü\projeYeni\IMDB-CLONE\.venv\Lib\site-packages\django\utils\timezone.py first seen with mtime 1717881834.004697
File C:\Users\birol\AppData\Local\Programs\Python\Python312\Lib\email\base64mime.py first seen with mtime 1712663418.0
File C:\Users\birol\OneDrive\Masaüstü\projeYeni\IMDB-CLONE\.venv\Lib\site-packages\django\contrib\auth\management\__init__.py first seen with mtime 1717881831.85215
File C:\Users\birol\AppData\Local\Programs\Python\Python312\Lib\re\_constants.py first seen with mtime 1712663418.0
File C:\Users\birol\OneDrive\Masaüstü\projeYeni\IMDB-CLONE\.venv\Lib\site-packages\django\core\wsgi.py first seen with mtime 1717881833.5987523
File C:\Users\birol\OneDrive\Masaüstü\projeYeni\IMDB-CLONE\.venv\Lib\site-packages\sqlparse\lexer.py first seen with mtime 1717881830.0240705
File C:\Users\birol\OneDrive\Masaüstü\projeYeni\IMDB-CLONE\.venv\Lib\site-packages\django\db\models\utils.py first seen with mtime 1717881833.8171685
File C:\Users\birol\AppData\Local\Programs\Python\Python312\Lib\email\_encoded_words.py first seen with mtime 1712663418.0
File C:\Users\birol\OneDrive\Masaüstü\projeYeni\IMDB-CLONE\.venv\Lib\site-packages\django\core\cache\utils.py first seen with mtime 1717881833.6017444
File C:\Users\birol\AppData\Local\Programs\Python\Python312\Lib\urllib\__init__.py first seen with mtime 1712663418.0
File C:\Users\birol\OneDrive\Masaüstü\projeYeni\IMDB-CLONE\.venv\Lib\site-packages\django\core\mail\utils.py first seen with mtime 1717881833.666571
File C:\Users\birol\AppData\Local\Programs\Python\Python312\Lib\shutil.py first seen with mtime 1712663418.0
File C:\Users\birol\OneDrive\Masaüstü\projeYeni\IMDB-CLONE\.venv\Lib\site-packages\django\core\serializers\__init__.py first seen with mtime 1717881833.722422
File C:\Users\birol\OneDrive\Masaüstü\projeYeni\IMDB-CLONE\.venv\Lib\site-packages\colorama\win32.py first seen with mtime 1717881686.8420062
File C:\Users\birol\OneDrive\Masaüstü\projeYeni\IMDB-CLONE\.venv\Lib\site-packages\django\views\generic\base.py first seen with mtime 1717881834.025641
File C:\Users\birol\OneDrive\Masaüstü\projeYeni\IMDB-CLONE\.venv\Lib\site-packages\django\core\files\base.py first seen with mtime 1717881833.6336591
File C:\Users\birol\OneDrive\Masaüstü\projeYeni\IMDB-CLONE\.venv\Lib\site-packages\django\http\response.py first seen with mtime 1717881833.9269054
File C:\Users\birol\AppData\Local\Programs\Python\Python312\Lib\encodings\cp1254.py first seen with mtime 1712663418.0
File C:\Users\birol\AppData\Local\Programs\Python\Python312\Lib\logging\config.py first seen with mtime 1712663418.0
File C:\Users\birol\OneDrive\Masaüstü\projeYeni\IMDB-CLONE\my_django_project\my_django_project\__init__.py first seen with mtime 1717781035.4989784
File C:\Users\birol\OneDrive\Masaüstü\projeYeni\IMDB-CLONE\.venv\Lib\site-packages\django\template\response.py first seen with mtime 1717881833.945855
File C:\Users\birol\AppData\Local\Programs\Python\Python312\Lib\linecache.py first seen with mtime 1712663418.0
File C:\Users\birol\OneDrive\Masaüstü\projeYeni\IMDB-CLONE\.venv\Lib\site-packages\django\db\models\query.py first seen with mtime 1717881833.814176
File C:\Users\birol\OneDrive\Masaüstü\projeYeni\IMDB-CLONE\.venv\Lib\site-packages\django\urls\utils.py first seen with mtime 1717881833.9737802
File C:\Users\birol\AppData\Local\Programs\Python\Python312\Lib\email\mime\text.py first seen with mtime 1712663418.0
File C:\Users\birol\OneDrive\Masaüstü\projeYeni\IMDB-CLONE\.venv\Lib\site-packages\django\db\models\functions\__init__.py first seen with mtime 1717881833.8271422
File C:\Users\birol\AppData\Local\Programs\Python\Python312\Lib\http\client.py first seen with mtime 1712663418.0
File C:\Users\birol\AppData\Local\Programs\Python\Python312\Lib\dataclasses.py first seen with mtime 1712663418.0
File C:\Users\birol\OneDrive\Masaüstü\projeYeni\IMDB-CLONE\.venv\Lib\site-packages\django\contrib\admin\options.py first seen with mtime 1717881830.8540068
File C:\Users\birol\OneDrive\Masaüstü\projeYeni\IMDB-CLONE\.venv\Lib\site-packages\django\contrib\admin\checks.py first seen with mtime 1717881830.847026
File C:\Users\birol\AppData\Local\Programs\Python\Python312\Lib\copyreg.py first seen with mtime 1712663418.0
File C:\Users\birol\AppData\Local\Programs\Python\Python312\Lib\asyncio\exceptions.py first seen with mtime 1712663418.0
File C:\Users\birol\OneDrive\Masaüstü\projeYeni\IMDB-CLONE\.venv\Lib\site-packages\django\core\checks\async_checks.py first seen with mtime 1717881833.6137123
File C:\Users\birol\OneDrive\Masaüstü\projeYeni\IMDB-CLONE\.venv\Lib\site-packages\django\contrib\sessions\__init__.py first seen with mtime 1717881833.1690774
File C:\Users\birol\AppData\Local\Programs\Python\Python312\Lib\asyncio\tasks.py first seen with mtime 1712663418.0
File C:\Users\birol\AppData\Local\Programs\Python\Python312\Lib\_weakrefset.py first seen with mtime 1712663418.0
File C:\Users\birol\OneDrive\Masaüstü\projeYeni\IMDB-CLONE\.venv\Lib\site-packages\django\core\checks\__init__.py first seen with mtime 1717881833.6127162
File C:\Users\birol\AppData\Local\Programs\Python\Python312\DLLs\_wmi.pyd first seen with mtime 1712663462.0
File C:\Users\birol\OneDrive\Masaüstü\projeYeni\IMDB-CLONE\.venv\Lib\site-packages\django\db\models\sql\__init__.py first seen with mtime 1717881833.833126
File C:\Users\birol\OneDrive\Masaüstü\projeYeni\IMDB-CLONE\.venv\Lib\site-packages\django\core\files\utils.py first seen with mtime 1717881833.6406403
File C:\Users\birol\OneDrive\Masaüstü\projeYeni\IMDB-CLONE\.venv\Lib\site-packages\django\utils\crypto.py first seen with mtime 1717881833.9817593
File C:\Users\birol\OneDrive\Masaüstü\projeYeni\IMDB-CLONE\.venv\Lib\site-packages\django\core\checks\urls.py first seen with mtime 1717881833.6246846
File C:\Users\birol\OneDrive\Masaüstü\projeYeni\IMDB-CLONE\.venv\Lib\site-packages\django\template\base.py first seen with mtime 1717881833.9368782
File C:\Users\birol\AppData\Local\Programs\Python\Python312\Lib\asyncio\base_futures.py first seen with mtime 1712663418.0
File C:\Users\birol\OneDrive\Masaüstü\projeYeni\IMDB-CLONE\.venv\Lib\site-packages\django\db\migrations\state.py first seen with mtime 1717881833.7952268
File C:\Users\birol\AppData\Local\Programs\Python\Python312\Lib\concurrent\futures\__init__.py first seen with mtime 1712663418.0
File C:\Users\birol\AppData\Local\Programs\Python\Python312\Lib\wsgiref\util.py first seen with mtime 1712663418.0
File C:\Users\birol\AppData\Local\Programs\Python\Python312\Lib\json\scanner.py first seen with mtime 1712663418.0
File C:\Users\birol\AppData\Local\Programs\Python\Python312\Lib\asyncio\base_subprocess.py first seen with mtime 1712663418.0
File C:\Users\birol\OneDrive\Masaüstü\projeYeni\IMDB-CLONE\.venv\Lib\site-packages\django\contrib\admin\sites.py first seen with mtime 1717881830.8550038
File C:\Users\birol\OneDrive\Masaüstü\projeYeni\IMDB-CLONE\.venv\Lib\site-packages\django\db\models\sql\query.py first seen with mtime 1717881833.8371153
File C:\Users\birol\AppData\Local\Programs\Python\Python312\Lib\http\cookies.py first seen with mtime 1712663418.0
File C:\Users\birol\OneDrive\Masaüstü\projeYeni\IMDB-CLONE\.venv\Lib\site-packages\asgiref\current_thread_executor.py first seen with mtime 1717881830.3063364
File C:\Users\birol\AppData\Local\Programs\Python\Python312\Lib\re\__init__.py first seen with mtime 1712663418.0
File C:\Users\birol\AppData\Local\Programs\Python\Python312\Lib\email\quoprimime.py first seen with mtime 1712663418.0
File C:\Users\birol\OneDrive\Masaüstü\projeYeni\IMDB-CLONE\.venv\Lib\site-packages\django\core\servers\__init__.py first seen with mtime 1717881833.7274084
File C:\Users\birol\OneDrive\Masaüstü\projeYeni\IMDB-CLONE\.venv\Lib\site-packages\django\core\management\base.py first seen with mtime 1717881833.681531
File C:\Users\birol\AppData\Local\Programs\Python\Python312\Lib\glob.py first seen with mtime 1712663418.0
File C:\Users\birol\AppData\Local\Programs\Python\Python312\Lib\contextlib.py first seen with mtime 1712663418.0
File C:\Users\birol\OneDrive\Masaüstü\projeYeni\IMDB-CLONE\.venv\Lib\site-packages\django\db\migrations\migration.py first seen with mtime 1717881833.790241
File C:\Users\birol\OneDrive\Masaüstü\projeYeni\IMDB-CLONE\.venv\Lib\site-packages\django\views\decorators\__init__.py first seen with mtime 1717881834.0176623
File C:\Users\birol\OneDrive\Masaüstü\projeYeni\IMDB-CLONE\.venv\Lib\site-packages\sqlparse\__init__.py first seen with mtime 1717881830.018088
File C:\Users\birol\AppData\Local\Programs\Python\Python312\Lib\asyncio\queues.py first seen with mtime 1712663418.0
File C:\Users\birol\OneDrive\Masaüstü\projeYeni\IMDB-CLONE\.venv\Lib\site-packages\django\core\files\locks.py first seen with mtime 1717881833.6356535
File C:\Users\birol\OneDrive\Masaüstü\projeYeni\IMDB-CLONE\.venv\Lib\site-packages\django\utils\formats.py first seen with mtime 1717881833.9907348
File C:\Users\birol\OneDrive\Masaüstü\projeYeni\IMDB-CLONE\.venv\Lib\site-packages\django\contrib\messages\storage\base.py first seen with mtime 1717881832.7721374
File C:\Users\birol\OneDrive\Masaüstü\projeYeni\IMDB-CLONE\.venv\Lib\site-packages\django\db\backends\base\operations.py first seen with mtime 1717881833.7413747
File C:\Users\birol\OneDrive\Masaüstü\projeYeni\IMDB-CLONE\.venv\Lib\site-packages\django\core\cache\backends\base.py first seen with mtime 1717881833.6037388
File C:\Users\birol\OneDrive\Masaüstü\projeYeni\IMDB-CLONE\.venv\Lib\site-packages\django\conf\locale\__init__.py first seen with mtime 1717881830.46008
File C:\Users\birol\OneDrive\Masaüstü\projeYeni\IMDB-CLONE\.venv\Lib\site-packages\django\db\models\base.py first seen with mtime 1717881833.8052
File C:\Users\birol\AppData\Local\Programs\Python\Python312\Lib\wsgiref\handlers.py first seen with mtime 1712663418.0
File C:\Users\birol\AppData\Local\Programs\Python\Python312\Lib\ast.py first seen with mtime 1712663418.0
File C:\Users\birol\AppData\Local\Programs\Python\Python312\Lib\ipaddress.py first seen with mtime 1712663418.0
File C:\Users\birol\AppData\Local\Programs\Python\Python312\Lib\zoneinfo\_tzpath.py first seen with mtime 1712663418.0
File C:\Users\birol\OneDrive\Masaüstü\projeYeni\IMDB-CLONE\.venv\Lib\site-packages\django\dispatch\__init__.py first seen with mtime 1717881833.8401072
File C:\Users\birol\AppData\Local\Programs\Python\Python312\Lib\json\__init__.py first seen with mtime 1712663418.0
File C:\Users\birol\OneDrive\Masaüstü\projeYeni\IMDB-CLONE\.venv\Lib\site-packages\asgiref\__init__.py first seen with mtime 1717881830.3043382
File C:\Users\birol\OneDrive\Masaüstü\projeYeni\IMDB-CLONE\.venv\Lib\site-packages\django\template\backends\django.py first seen with mtime 1717881833.9488468
File C:\Users\birol\OneDrive\Masaüstü\projeYeni\IMDB-CLONE\.venv\Lib\site-packages\django\db\models\lookups.py first seen with mtime 1717881833.811184
File C:\Users\birol\OneDrive\Masaüstü\projeYeni\IMDB-CLONE\.venv\Lib\site-packages\django\contrib\staticfiles\finders.py first seen with mtime 1717881833.5819733
File C:\Users\birol\AppData\Local\Programs\Python\Python312\DLLs\_overlapped.pyd first seen with mtime 1712663462.0
File C:\Users\birol\AppData\Local\Programs\Python\Python312\DLLs\_lzma.pyd first seen with mtime 1712663462.0
